99.09.19 08:08 B C:\Live\wwwroot\www.red56.co.uk\gif\a.gif <-- hp.teamworks.co.uk /www/red56/www/www.red56.co.uk/gif a.gif
99.09.19 08:08 B C:\Live\wwwroot\www.red56.co.uk\gif\b.gif <-- hp.teamworks.co.uk /www/red56/www/www.red56.co.uk/gif b.gif
99.09.19 08:08 B C:\Live\wwwroot\www.red56.co.uk\gif\bc.gif <-- hp.teamworks.co.uk /www/red56/www/www.red56.co.uk/gif bc.gif
99.09.19 08:09 B C:\Live\wwwroot\www.red56.co.uk\gif\c.gif <-- hp.teamworks.co.uk /www/red56/www/www.red56.co.uk/gif c.gif
99.09.19 08:09 B C:\Live\wwwroot\www.red56.co.uk\gif\d.gif <-- hp.teamworks.co.uk /www/red56/www/www.red56.co.uk/gif d.gif
99.09.19 08:09 B C:\Live\wwwroot\www.red56.co.uk\gif\e.gif <-- hp.teamworks.co.uk /www/red56/www/www.red56.co.uk/gif e.gif
99.09.19 08:09 B C:\Live\wwwroot\www.red56.co.uk\gif\efgh.gif <-- hp.teamworks.co.uk /www/red56/www/www.red56.co.uk/gif efgh.gif
99.09.19 08:09 B C:\Live\wwwroot\www.red56.co.uk\gif\f.gif <-- hp.teamworks.co.uk /www/red56/www/www.red56.co.uk/gif f.gif
99.09.19 08:09 B C:\Live\wwwroot\www.red56.co.uk\gif\g.gif <-- hp.teamworks.co.uk /www/red56/www/www.red56.co.uk/gif g.gif
99.09.19 08:09 B C:\Live\wwwroot\www.red56.co.uk\gif\h.gif <-- hp.teamworks.co.uk /www/red56/www/www.red56.co.uk/gif h.gif
99.09.19 08:09 B C:\Live\wwwroot\www.red56.co.uk\gif\i.gif <-- hp.teamworks.co.uk /www/red56/www/www.red56.co.uk/gif i.gif
99.09.19 08:09 B C:\Live\wwwroot\www.red56.co.uk\gif\j.gif <-- hp.teamworks.co.uk /www/red56/www/www.red56.co.uk/gif j.gif
99.09.19 08:09 B C:\Live\wwwroot\www.red56.co.uk\gif\jklm.gif <-- hp.teamworks.co.uk /www/red56/www/www.red56.co.uk/gif jklm.gif
99.09.19 08:09 B C:\Live\wwwroot\www.red56.co.uk\gif\k.gif <-- hp.teamworks.co.uk /www/red56/www/www.red56.co.uk/gif k.gif
99.09.19 08:09 B C:\Live\wwwroot\www.red56.co.uk\gif\l.gif <-- hp.teamworks.co.uk /www/red56/www/www.red56.co.uk/gif l.gif
99.09.19 08:09 B C:\Live\wwwroot\www.red56.co.uk\gif\m.gif <-- hp.teamworks.co.uk /www/red56/www/www.red56.co.uk/gif m.gif
99.09.19 08:09 B C:\Live\wwwroot\www.red56.co.uk\gif\n.gif <-- hp.teamworks.co.uk /www/red56/www/www.red56.co.uk/gif n.gif
99.09.19 08:09 B C:\Live\wwwroot\www.red56.co.uk\gif\o.gif <-- hp.teamworks.co.uk /www/red56/www/www.red56.co.uk/gif o.gif
99.09.19 08:09 B C:\Live\wwwroot\www.red56.co.uk\gif\p.gif <-- hp.teamworks.co.uk /www/red56/www/www.red56.co.uk/gif p.gif
99.09.19 08:09 B C:\Live\wwwroot\www.red56.co.uk\gif\q.gif <-- hp.teamworks.co.uk /www/red56/www/www.red56.co.uk/gif q.gif
99.09.19 08:09 B C:\Live\wwwroot\www.red56.co.uk\gif\r.gif <-- hp.teamworks.co.uk /www/red56/www/www.red56.co.uk/gif r.gif
99.09.19 08:09 B C:\Live\wwwroot\www.red56.co.uk\gif\rattle.gif <-- hp.teamworks.co.uk /www/red56/www/www.red56.co.uk/gif rattle.gif
99.09.19 08:09 B C:\Live\wwwroot\www.red56.co.uk\gif\s.gif <-- hp.teamworks.co.uk /www/red56/www/www.red56.co.uk/gif s.gif
99.09.19 08:09 B C:\Live\wwwroot\www.red56.co.uk\gif\t.gif <-- hp.teamworks.co.uk /www/red56/www/www.red56.co.uk/gif t.gif
99.09.19 08:09 B C:\Live\wwwroot\www.red56.co.uk\gif\u.gif <-- hp.teamworks.co.uk /www/red56/www/www.red56.co.uk/gif u.gif
99.09.19 08:09 B C:\Live\wwwroot\www.red56.co.uk\gif\uvwx.gif <-- hp.teamworks.co.uk /www/red56/www/www.red56.co.uk/gif uvwx.gif
99.09.19 08:09 B C:\Live\wwwroot\www.red56.co.uk\gif\v.gif <-- hp.teamworks.co.uk /www/red56/www/www.red56.co.uk/gif v.gif
99.09.19 08:09 B C:\Live\wwwroot\www.red56.co.uk\gif\w.gif <-- hp.teamworks.co.uk /www/red56/www/www.red56.co.uk/gif w.gif
99.09.19 08:09 B C:\Live\wwwroot\www.red56.co.uk\gif\x.gif <-- hp.teamworks.co.uk /www/red56/www/www.red56.co.uk/gif x.gif
99.09.19 08:09 B C:\Live\wwwroot\www.red56.co.uk\gif\y.gif <-- hp.teamworks.co.uk /www/red56/www/www.red56.co.uk/gif y.gif
99.09.19 08:09 B C:\Live\wwwroot\www.red56.co.uk\gif\z.gif <-- hp.teamworks.co.uk /www/red56/www/www.red56.co.uk/gif z.gif
